<?xml version="1.0" encoding="UTF-8"?>
<testng-results skipped="0" failed="0" ignored="0" total="1" passed="1">
  <reporter-output>
  </reporter-output>
  <suite name="com.crm.qa.testcases.LoginPageTest" duration-ms="14489" started-at="2020-05-11T19:21:47 IST" finished-at="2020-05-11T19:22:02 IST">
    <groups>
    </groups>
    <test name="Command line test" duration-ms="14489" started-at="2020-05-11T19:21:47 IST" finished-at="2020-05-11T19:22:02 IST">
      <class name="com.crm.qa.testcases.LoginPageTest">
        <test-method status="PASS" signature="setUp()[pri:0, instance:com.crm.qa.testcases.LoginPageTest@598067a5]" name="setUp" is-config="true" duration-ms="10249" started-at="2020-05-11T19:21:48 IST" finished-at="2020-05-11T19:21:58 IST">
          <reporter-output>
          </reporter-output>
        </test-method> <!-- setUp -->
        <test-method status="PASS" signature="loginTest()[pri:1, instance:com.crm.qa.testcases.LoginPageTest@598067a5]" name="loginTest" duration-ms="3590" started-at="2020-05-11T19:21:58 IST" finished-at="2020-05-11T19:22:01 IST">
          <reporter-output>
          </reporter-output>
        </test-method> <!-- loginTest -->
        <test-method status="PASS" signature="tearDown()[pri:0, instance:com.crm.qa.testcases.LoginPageTest@598067a5]" name="tearDown" is-config="true" duration-ms="616" started-at="2020-05-11T19:22:01 IST" finished-at="2020-05-11T19:22:02 IST">
          <reporter-output>
          </reporter-output>
        </test-method> <!-- tearDown -->
      </class> <!-- com.crm.qa.testcases.LoginPageTest -->
    </test> <!-- Command line test -->
  </suite> <!-- com.crm.qa.testcases.LoginPageTest -->
</testng-results>
