<?xml version="1.0" encoding="UTF-8"?>
<testng-results skipped="0" failed="0" total="1" passed="1">
  <reporter-output>
  </reporter-output>
  <suite name="Default suite" duration-ms="11330" started-at="2020-05-11T13:41:19Z" finished-at="2020-05-11T13:41:30Z">
    <groups>
    </groups>
    <test name="Default test" duration-ms="11330" started-at="2020-05-11T13:41:19Z" finished-at="2020-05-11T13:41:30Z">
      <class name="com.crm.qa.testcases.LoginPageTest">
        <test-method status="PASS" signature="setUp()[pri:0, instance:com.crm.qa.testcases.LoginPageTest@46d56d67]" name="setUp" is-config="true" duration-ms="7783" started-at="2020-05-11T19:11:19Z" finished-at="2020-05-11T19:11:27Z">
          <reporter-output>
          </reporter-output>
        </test-method> <!-- setUp -->
        <test-method status="PASS" signature="loginTest()[pri:1, instance:com.crm.qa.testcases.LoginPageTest@46d56d67]" name="loginTest" duration-ms="2922" started-at="2020-05-11T19:11:27Z" finished-at="2020-05-11T19:11:30Z">
          <reporter-output>
          </reporter-output>
        </test-method> <!-- loginTest -->
        <test-method status="PASS" signature="tearDown()[pri:0, instance:com.crm.qa.testcases.LoginPageTest@46d56d67]" name="tearDown" is-config="true" duration-ms="615" started-at="2020-05-11T19:11:30Z" finished-at="2020-05-11T19:11:30Z">
          <reporter-output>
          </reporter-output>
        </test-method> <!-- tearDown -->
      </class> <!-- com.crm.qa.testcases.LoginPageTest -->
    </test> <!-- Default test -->
  </suite> <!-- Default suite -->
</testng-results>
